<?xml version="1.0" encoding="UTF-8"?>
<coverage generated="1742518934435" clover="3.2.0">
  <project timestamp="1742518934436" name="All files">
    <metrics statements="9" coveredstatements="9" conditionals="10" coveredconditionals="10" methods="3" coveredmethods="3" elements="22" coveredelements="22" complexity="0" loc="9" ncloc="9" packages="1" files="1" classes="1"/>
    <file name="teste2.ts" path="C:\Desenvolvimento\EduSync\EduSync-BackEnd\teste\teste2.ts">
      <metrics statements="9" coveredstatements="9" conditionals="10" coveredconditionals="10" methods="3" coveredmethods="3"/>
      <line num="2" count="3" type="cond" truecount="5" falsecount="0"/>
      <line num="3" count="2" type="stmt"/>
      <line num="5" count="1" type="stmt"/>
      <line num="9" count="4" type="stmt"/>
      <line num="10" count="4" type="stmt"/>
      <line num="14" count="4" type="cond" truecount="5" falsecount="0"/>
      <line num="15" count="3" type="stmt"/>
      <line num="17" count="1" type="stmt"/>
      <line num="20" count="1" type="stmt"/>
    </file>
  </project>
</coverage>
